<?xml version="1.0" encoding="UTF-8" ?>
<testsuite tests="5" failures="0" name="com.github.ayaanqui.expressionresolver.FunctionTest" time="0.005" errors="0" skipped="0">
  <properties>
[...]
</properties>
  <testcase classname="com.github.ayaanqui.expressionresolver.FunctionTest" name="setFunctionTest" time="0.001"/>
  <testcase classname="com.github.ayaanqui.expressionresolver.FunctionTest" name="basicFunctionTest" time="0.002"/>
  <testcase classname="com.github.ayaanqui.expressionresolver.FunctionTest" name="nestedMultiParamFunctionTest" time="0.001"/>
  <testcase classname="com.github.ayaanqui.expressionresolver.FunctionTest" name="multiParamTest" time="0"/>
  <testcase classname="com.github.ayaanqui.expressionresolver.FunctionTest" name="degRadConversionFunctionTest" time="0.001"/>
</testsuite>